mode: set
github.com/Testzyler/banking-api/app/features/auth/handler/auth_handler.go:15.71,23.2 4 0
github.com/Testzyler/banking-api/app/features/auth/handler/auth_handler.go:25.53,27.46 2 1
github.com/Testzyler/banking-api/app/features/auth/handler/auth_handler.go:27.46,29.3 1 1
github.com/Testzyler/banking-api/app/features/auth/handler/auth_handler.go:31.2,31.42 1 1
github.com/Testzyler/banking-api/app/features/auth/handler/auth_handler.go:31.42,33.3 1 1
github.com/Testzyler/banking-api/app/features/auth/handler/auth_handler.go:35.2,36.16 2 1
github.com/Testzyler/banking-api/app/features/auth/handler/auth_handler.go:36.16,38.3 1 1
github.com/Testzyler/banking-api/app/features/auth/handler/auth_handler.go:40.2,44.4 1 1
github.com/Testzyler/banking-api/app/features/auth/handler/auth_handler.go:47.56,49.43 2 1
github.com/Testzyler/banking-api/app/features/auth/handler/auth_handler.go:49.43,55.3 1 0
github.com/Testzyler/banking-api/app/features/auth/handler/auth_handler.go:57.2,58.16 2 1
github.com/Testzyler/banking-api/app/features/auth/handler/auth_handler.go:58.16,59.61 1 1
github.com/Testzyler/banking-api/app/features/auth/handler/auth_handler.go:59.61,61.4 1 1
github.com/Testzyler/banking-api/app/features/auth/handler/auth_handler.go:63.3,67.5 1 1
github.com/Testzyler/banking-api/app/features/auth/handler/auth_handler.go:70.2,74.4 1 1
github.com/Testzyler/banking-api/app/features/auth/repository/auth_repository.go:20.52,22.2 1 1
github.com/Testzyler/banking-api/app/features/auth/repository/auth_repository.go:24.80,33.2 3 1
github.com/Testzyler/banking-api/app/features/auth/repository/auth_repository.go:35.95,37.2 1 1
github.com/Testzyler/banking-api/app/features/auth/repository/auth_repository.go:39.96,41.2 1 1
github.com/Testzyler/banking-api/app/features/dashboard/handler/dashboard_handler.go:15.81,22.2 3 0
github.com/Testzyler/banking-api/app/features/dashboard/handler/dashboard_handler.go:24.65,34.16 3 1
github.com/Testzyler/banking-api/app/features/dashboard/handler/dashboard_handler.go:34.16,36.3 1 1
github.com/Testzyler/banking-api/app/features/dashboard/handler/dashboard_handler.go:38.2,42.4 1 1
github.com/Testzyler/banking-api/app/features/dashboard/service/dashboard_service.go:17.81,21.2 1 1
github.com/Testzyler/banking-api/app/features/dashboard/service/dashboard_service.go:22.114,24.16 2 1
github.com/Testzyler/banking-api/app/features/dashboard/service/dashboard_service.go:24.16,26.3 1 1
github.com/Testzyler/banking-api/app/features/dashboard/service/dashboard_service.go:28.2,29.16 2 1
github.com/Testzyler/banking-api/app/features/dashboard/service/dashboard_service.go:29.16,31.3 1 1
github.com/Testzyler/banking-api/app/features/dashboard/service/dashboard_service.go:33.2,34.16 2 1
github.com/Testzyler/banking-api/app/features/dashboard/service/dashboard_service.go:34.16,36.3 1 1
github.com/Testzyler/banking-api/app/features/dashboard/service/dashboard_service.go:38.2,39.16 2 1
github.com/Testzyler/banking-api/app/features/dashboard/service/dashboard_service.go:39.16,41.3 1 0
github.com/Testzyler/banking-api/app/features/dashboard/service/dashboard_service.go:43.2,44.16 2 1
github.com/Testzyler/banking-api/app/features/dashboard/service/dashboard_service.go:44.16,46.3 1 0
github.com/Testzyler/banking-api/app/features/dashboard/service/dashboard_service.go:48.2,58.18 3 1
github.com/Testzyler/banking-api/app/features/dashboard/service/dashboard_service.go:61.103,63.16 2 1
github.com/Testzyler/banking-api/app/features/dashboard/service/dashboard_service.go:63.16,65.3 1 1
github.com/Testzyler/banking-api/app/features/dashboard/service/dashboard_service.go:67.2,67.23 1 1
github.com/Testzyler/banking-api/app/features/auth/service/auth_service.go:27.117,29.2 1 1
github.com/Testzyler/banking-api/app/features/auth/service/auth_service.go:31.99,33.16 2 1
github.com/Testzyler/banking-api/app/features/auth/service/auth_service.go:33.16,34.45 1 1
github.com/Testzyler/banking-api/app/features/auth/service/auth_service.go:34.45,36.4 1 1
github.com/Testzyler/banking-api/app/features/auth/service/auth_service.go:37.3,37.18 1 1
github.com/Testzyler/banking-api/app/features/auth/service/auth_service.go:40.2,42.36 2 1
github.com/Testzyler/banking-api/app/features/auth/service/auth_service.go:42.36,45.3 2 1
github.com/Testzyler/banking-api/app/features/auth/service/auth_service.go:47.2,47.37 1 1
github.com/Testzyler/banking-api/app/features/auth/service/auth_service.go:47.37,49.3 1 0
github.com/Testzyler/banking-api/app/features/auth/service/auth_service.go:51.2,51.55 1 1
github.com/Testzyler/banking-api/app/features/auth/service/auth_service.go:51.55,53.3 1 1
github.com/Testzyler/banking-api/app/features/auth/service/auth_service.go:56.2,61.16 4 1
github.com/Testzyler/banking-api/app/features/auth/service/auth_service.go:61.16,63.3 1 0
github.com/Testzyler/banking-api/app/features/auth/service/auth_service.go:65.2,71.27 3 1
github.com/Testzyler/banking-api/app/features/auth/service/auth_service.go:74.59,76.2 1 1
github.com/Testzyler/banking-api/app/features/auth/service/auth_service.go:78.60,80.2 1 1
github.com/Testzyler/banking-api/app/features/auth/service/auth_service.go:82.52,84.2 1 1
github.com/Testzyler/banking-api/app/features/auth/service/auth_service.go:86.83,88.91 2 1
github.com/Testzyler/banking-api/app/features/auth/service/auth_service.go:88.91,90.3 1 1
github.com/Testzyler/banking-api/app/features/auth/service/auth_service.go:99.2,103.34 4 1
github.com/Testzyler/banking-api/app/features/auth/service/auth_service.go:103.34,108.37 3 1
github.com/Testzyler/banking-api/app/features/auth/service/auth_service.go:108.37,110.4 1 1
github.com/Testzyler/banking-api/app/features/auth/service/auth_service.go:112.3,116.60 3 1
github.com/Testzyler/banking-api/app/features/auth/service/auth_service.go:120.2,121.56 2 1
github.com/Testzyler/banking-api/app/features/auth/service/auth_service.go:124.90,126.16 2 1
github.com/Testzyler/banking-api/app/features/auth/service/auth_service.go:126.16,128.3 1 1
github.com/Testzyler/banking-api/app/features/auth/service/auth_service.go:129.2,129.27 1 1
github.com/Testzyler/banking-api/app/features/auth/service/jwt_service.go:25.54,27.2 1 1
github.com/Testzyler/banking-api/app/features/auth/service/jwt_service.go:29.95,31.16 2 1
github.com/Testzyler/banking-api/app/features/auth/service/jwt_service.go:31.16,33.3 1 0
github.com/Testzyler/banking-api/app/features/auth/service/jwt_service.go:35.2,36.16 2 1
github.com/Testzyler/banking-api/app/features/auth/service/jwt_service.go:36.16,38.3 1 0
github.com/Testzyler/banking-api/app/features/auth/service/jwt_service.go:40.2,44.8 1 1
github.com/Testzyler/banking-api/app/features/auth/service/jwt_service.go:47.99,51.19 3 1
github.com/Testzyler/banking-api/app/features/auth/service/jwt_service.go:52.16,54.47 2 1
github.com/Testzyler/banking-api/app/features/auth/service/jwt_service.go:55.17,57.48 2 1
github.com/Testzyler/banking-api/app/features/auth/service/jwt_service.go:58.10,59.59 1 1
github.com/Testzyler/banking-api/app/features/auth/service/jwt_service.go:62.2,81.16 6 1
github.com/Testzyler/banking-api/app/features/auth/service/jwt_service.go:81.16,83.3 1 0
github.com/Testzyler/banking-api/app/features/auth/service/jwt_service.go:85.2,85.37 1 1
github.com/Testzyler/banking-api/app/features/auth/service/jwt_service.go:88.88,90.2 1 1
github.com/Testzyler/banking-api/app/features/auth/service/jwt_service.go:92.89,94.2 1 1
github.com/Testzyler/banking-api/app/features/auth/service/jwt_service.go:96.104,97.23 1 1
github.com/Testzyler/banking-api/app/features/auth/service/jwt_service.go:97.23,99.3 1 1
github.com/Testzyler/banking-api/app/features/auth/service/jwt_service.go:101.2,101.113 1 1
github.com/Testzyler/banking-api/app/features/auth/service/jwt_service.go:101.113,102.58 1 1
github.com/Testzyler/banking-api/app/features/auth/service/jwt_service.go:102.58,104.4 1 0
github.com/Testzyler/banking-api/app/features/auth/service/jwt_service.go:105.3,105.29 1 1
github.com/Testzyler/banking-api/app/features/auth/service/jwt_service.go:108.2,108.16 1 1
github.com/Testzyler/banking-api/app/features/auth/service/jwt_service.go:108.16,109.42 1 1
github.com/Testzyler/banking-api/app/features/auth/service/jwt_service.go:109.42,111.4 1 1
github.com/Testzyler/banking-api/app/features/auth/service/jwt_service.go:112.3,112.18 1 1
github.com/Testzyler/banking-api/app/features/auth/service/jwt_service.go:115.2,115.70 1 1
github.com/Testzyler/banking-api/app/features/auth/service/jwt_service.go:115.70,116.34 1 1
github.com/Testzyler/banking-api/app/features/auth/service/jwt_service.go:116.34,118.4 1 0
github.com/Testzyler/banking-api/app/features/auth/service/jwt_service.go:119.3,119.21 1 1
github.com/Testzyler/banking-api/app/features/auth/service/jwt_service.go:122.2,122.39 1 0
github.com/Testzyler/banking-api/app/features/auth/service/jwt_service.go:125.101,127.16 2 1
github.com/Testzyler/banking-api/app/features/auth/service/jwt_service.go:127.16,129.3 1 1
github.com/Testzyler/banking-api/app/features/auth/service/jwt_service.go:131.2,132.16 2 1
github.com/Testzyler/banking-api/app/features/auth/service/jwt_service.go:132.16,134.3 1 0
github.com/Testzyler/banking-api/app/features/auth/service/jwt_service.go:136.2,145.8 1 1
github.com/Testzyler/banking-api/app/features/dashboard/repository/dashboard_repository.go:24.64,28.2 1 1
github.com/Testzyler/banking-api/app/features/dashboard/repository/dashboard_repository.go:30.70,36.34 2 1
github.com/Testzyler/banking-api/app/features/dashboard/repository/dashboard_repository.go:36.34,38.3 1 1
github.com/Testzyler/banking-api/app/features/dashboard/repository/dashboard_repository.go:39.2,39.14 1 1
github.com/Testzyler/banking-api/app/features/dashboard/repository/dashboard_repository.go:42.94,49.60 3 0
github.com/Testzyler/banking-api/app/features/dashboard/repository/dashboard_repository.go:49.60,51.3 1 0
github.com/Testzyler/banking-api/app/features/dashboard/repository/dashboard_repository.go:53.2,53.35 1 0
github.com/Testzyler/banking-api/app/features/dashboard/repository/dashboard_repository.go:53.35,55.3 1 0
github.com/Testzyler/banking-api/app/features/dashboard/repository/dashboard_repository.go:57.2,57.20 1 0
github.com/Testzyler/banking-api/app/features/dashboard/repository/dashboard_repository.go:65.20,67.36 2 0
github.com/Testzyler/banking-api/app/features/dashboard/repository/dashboard_repository.go:67.36,74.3 1 0
github.com/Testzyler/banking-api/app/features/dashboard/repository/dashboard_repository.go:76.2,88.3 1 0
github.com/Testzyler/banking-api/app/features/dashboard/repository/dashboard_repository.go:91.81,95.57 2 1
github.com/Testzyler/banking-api/app/features/dashboard/repository/dashboard_repository.go:95.57,97.3 1 1
github.com/Testzyler/banking-api/app/features/dashboard/repository/dashboard_repository.go:99.2,105.20 2 1
github.com/Testzyler/banking-api/app/features/dashboard/repository/dashboard_repository.go:108.94,114.34 2 0
github.com/Testzyler/banking-api/app/features/dashboard/repository/dashboard_repository.go:114.34,116.3 1 0
github.com/Testzyler/banking-api/app/features/dashboard/repository/dashboard_repository.go:118.2,119.26 2 0
github.com/Testzyler/banking-api/app/features/dashboard/repository/dashboard_repository.go:119.26,131.3 1 0
github.com/Testzyler/banking-api/app/features/dashboard/repository/dashboard_repository.go:132.2,132.20 1 0
github.com/Testzyler/banking-api/app/features/dashboard/repository/dashboard_repository.go:135.92,137.73 2 1
github.com/Testzyler/banking-api/app/features/dashboard/repository/dashboard_repository.go:137.73,139.3 1 1
github.com/Testzyler/banking-api/app/features/dashboard/repository/dashboard_repository.go:141.2,142.33 2 1
github.com/Testzyler/banking-api/app/features/dashboard/repository/dashboard_repository.go:142.33,150.3 1 1
github.com/Testzyler/banking-api/app/features/dashboard/repository/dashboard_repository.go:151.2,151.20 1 1
github.com/Testzyler/banking-api/app/features/dashboard/repository/dashboard_repository.go:154.102,156.78 2 1
github.com/Testzyler/banking-api/app/features/dashboard/repository/dashboard_repository.go:156.78,158.3 1 1
github.com/Testzyler/banking-api/app/features/dashboard/repository/dashboard_repository.go:160.2,161.43 2 1
github.com/Testzyler/banking-api/app/features/dashboard/repository/dashboard_repository.go:161.43,169.3 1 1
github.com/Testzyler/banking-api/app/features/dashboard/repository/dashboard_repository.go:170.2,170.20 1 1
github.com/Testzyler/banking-api/app/features/dashboard/repository/dashboard_repository.go:173.106,176.50 2 0
github.com/Testzyler/banking-api/app/features/dashboard/repository/dashboard_repository.go:176.50,179.94 2 0
github.com/Testzyler/banking-api/app/features/dashboard/repository/dashboard_repository.go:179.94,181.4 1 0
github.com/Testzyler/banking-api/app/features/dashboard/repository/dashboard_repository.go:182.3,184.31 3 0
github.com/Testzyler/banking-api/app/features/dashboard/repository/dashboard_repository.go:184.31,186.4 1 0
github.com/Testzyler/banking-api/app/features/dashboard/repository/dashboard_repository.go:189.3,194.35 2 0
github.com/Testzyler/banking-api/app/features/dashboard/repository/dashboard_repository.go:194.35,196.4 1 0
github.com/Testzyler/banking-api/app/features/dashboard/repository/dashboard_repository.go:197.3,197.27 1 0
github.com/Testzyler/banking-api/app/features/dashboard/repository/dashboard_repository.go:197.27,209.4 1 0
github.com/Testzyler/banking-api/app/features/dashboard/repository/dashboard_repository.go:212.3,213.72 2 0
github.com/Testzyler/banking-api/app/features/dashboard/repository/dashboard_repository.go:213.72,215.4 1 0
github.com/Testzyler/banking-api/app/features/dashboard/repository/dashboard_repository.go:216.3,216.29 1 0
github.com/Testzyler/banking-api/app/features/dashboard/repository/dashboard_repository.go:216.29,224.4 1 0
github.com/Testzyler/banking-api/app/features/dashboard/repository/dashboard_repository.go:227.3,228.77 2 0
github.com/Testzyler/banking-api/app/features/dashboard/repository/dashboard_repository.go:228.77,230.4 1 0
github.com/Testzyler/banking-api/app/features/dashboard/repository/dashboard_repository.go:231.3,231.34 1 0
github.com/Testzyler/banking-api/app/features/dashboard/repository/dashboard_repository.go:231.34,239.4 1 0
github.com/Testzyler/banking-api/app/features/dashboard/repository/dashboard_repository.go:242.3,247.38 2 0
github.com/Testzyler/banking-api/app/features/dashboard/repository/dashboard_repository.go:247.38,249.4 1 0
github.com/Testzyler/banking-api/app/features/dashboard/repository/dashboard_repository.go:251.3,252.32 2 0
github.com/Testzyler/banking-api/app/features/dashboard/repository/dashboard_repository.go:252.32,254.39 2 0
github.com/Testzyler/banking-api/app/features/dashboard/repository/dashboard_repository.go:254.39,261.5 1 0
github.com/Testzyler/banking-api/app/features/dashboard/repository/dashboard_repository.go:262.4,275.38 2 0
github.com/Testzyler/banking-api/app/features/dashboard/repository/dashboard_repository.go:277.3,279.13 2 0
github.com/Testzyler/banking-api/app/features/dashboard/repository/dashboard_repository.go:282.2,282.16 1 0
github.com/Testzyler/banking-api/app/features/dashboard/repository/dashboard_repository.go:282.16,284.3 1 0
github.com/Testzyler/banking-api/app/features/dashboard/repository/dashboard_repository.go:285.2,285.22 1 0
github.com/Testzyler/banking-api/app/features/users/handler/user_handler.go:17.75,26.2 4 1
github.com/Testzyler/banking-api/app/features/users/handler/user_handler.go:28.52,38.42 5 1
github.com/Testzyler/banking-api/app/features/users/handler/user_handler.go:38.42,40.3 1 1
github.com/Testzyler/banking-api/app/features/users/handler/user_handler.go:42.2,43.16 2 1
github.com/Testzyler/banking-api/app/features/users/handler/user_handler.go:43.16,45.3 1 1
github.com/Testzyler/banking-api/app/features/users/handler/user_handler.go:47.2,54.4 1 1
github.com/Testzyler/banking-api/app/features/users/handler/user_handler.go:57.51,60.42 3 1
github.com/Testzyler/banking-api/app/features/users/handler/user_handler.go:60.42,62.3 1 1
github.com/Testzyler/banking-api/app/features/users/handler/user_handler.go:64.2,65.16 2 1
github.com/Testzyler/banking-api/app/features/users/handler/user_handler.go:65.16,67.3 1 1
github.com/Testzyler/banking-api/app/features/users/handler/user_handler.go:69.2,73.4 1 1
github.com/Testzyler/banking-api/app/features/users/repository/user_repository.go:17.52,19.2 1 1
github.com/Testzyler/banking-api/app/features/users/repository/user_repository.go:21.71,24.16 3 1
github.com/Testzyler/banking-api/app/features/users/repository/user_repository.go:24.16,26.3 1 1
github.com/Testzyler/banking-api/app/features/users/repository/user_repository.go:28.2,28.19 1 1
github.com/Testzyler/banking-api/app/features/users/repository/user_repository.go:31.91,34.16 3 1
github.com/Testzyler/banking-api/app/features/users/repository/user_repository.go:34.16,36.3 1 1
github.com/Testzyler/banking-api/app/features/users/repository/user_repository.go:38.2,38.19 1 1
github.com/Testzyler/banking-api/app/features/users/repository/user_repository.go:41.107,49.18 4 1
github.com/Testzyler/banking-api/app/features/users/repository/user_repository.go:49.18,51.3 1 1
github.com/Testzyler/banking-api/app/features/users/repository/user_repository.go:54.2,55.16 2 1
github.com/Testzyler/banking-api/app/features/users/repository/user_repository.go:55.16,57.3 1 1
github.com/Testzyler/banking-api/app/features/users/repository/user_repository.go:60.2,61.16 2 1
github.com/Testzyler/banking-api/app/features/users/repository/user_repository.go:61.16,63.3 1 1
github.com/Testzyler/banking-api/app/features/users/repository/user_repository.go:66.2,69.18 2 1
github.com/Testzyler/banking-api/app/features/users/repository/user_repository.go:69.18,71.3 1 1
github.com/Testzyler/banking-api/app/features/users/repository/user_repository.go:74.2,74.55 1 1
github.com/Testzyler/banking-api/app/features/users/repository/user_repository.go:74.55,76.3 1 1
github.com/Testzyler/banking-api/app/features/users/repository/user_repository.go:78.2,78.26 1 1
github.com/Testzyler/banking-api/app/features/users/service/user_service.go:23.69,27.2 1 1
github.com/Testzyler/banking-api/app/features/users/service/user_service.go:29.92,31.16 2 1
github.com/Testzyler/banking-api/app/features/users/service/user_service.go:31.16,33.36 1 1
github.com/Testzyler/banking-api/app/features/users/service/user_service.go:33.36,35.4 1 1
github.com/Testzyler/banking-api/app/features/users/service/user_service.go:36.3,36.46 1 1
github.com/Testzyler/banking-api/app/features/users/service/user_service.go:39.2,39.18 1 1
github.com/Testzyler/banking-api/app/features/users/service/user_service.go:42.103,44.16 2 1
github.com/Testzyler/banking-api/app/features/users/service/user_service.go:44.16,46.3 1 1
github.com/Testzyler/banking-api/app/features/users/service/user_service.go:48.2,48.19 1 1
github.com/Testzyler/banking-api/app/features/users/service/user_service.go:51.136,53.16 2 1
github.com/Testzyler/banking-api/app/features/users/service/user_service.go:53.16,55.3 1 1
github.com/Testzyler/banking-api/app/features/users/service/user_service.go:58.2,71.25 5 1
